c[?7l[2J[0mSeaBIOS (version 1.13.0-1ubuntu1)


iPXE (http://ipxe.org) 00:03.0 CA00 PCI2.10 PnP PMM+07F8CA10+07ECCA10 CA00
Press Ctrl-B to configure iPXE (PCI 00:03.0)...                                                                               


Booting from Hard Disk...
(THU.CST) os is loading ...

Special kernel symbols:
  entry  0x00100000 (phys)
  etext  0x001035ea (phys)
  edata  0x0010fa16 (phys)
  end    0x00110d20 (phys)
Kernel executable memory footprint: 68KB
ebp:0x00007b28 eip:0x00100ab3 args:0x00010094 0x00010094 0x00007b58 0x00100096 
    kern/debug/kdebug.c:305: print_stackframe+25
ebp:0x00007b38 eip:0x00100dbc args:0x00000000 0x00000000 0x00000000 0x00007ba8 
    kern/debug/kmonitor.c:125: mon_backtrace+14
ebp:0x00007b58 eip:0x00100096 args:0x00000000 0x00007b80 0xffff0000 0x00007b84 
    kern/init/init.c:48: grade_backtrace2+37
ebp:0x00007b78 eip:0x001000c4 args:0x00000000 0xffff0000 0x00007ba4 0x00000029 
    kern/init/init.c:53: grade_backtrace1+42
ebp:0x00007b98 eip:0x001000e7 args:0x00000000 0x00100000 0xffff0000 0x0000001d 
    kern/init/init.c:58: grade_backtrace0+27
ebp:0x00007bb8 eip:0x00100111 args:0x0010361c 0x00103600 0x0000130a 0x00000000 
    kern/init/init.c:63: grade_backtrace+38
ebp:0x00007be8 eip:0x00100055 args:0x00000000 0x00000000 0x00000000 0x00007c4f 
    kern/init/init.c:28: kern_init+84
ebp:0x00007bf8 eip:0x00007d74 args:0xc031fcfa 0xc08ed88e 0x64e4d08e 0xfa7502a8 
    <unknow>: -- 0x00007d73 --
ebp:0x00000000 eip:0x00007c4f args:0xf000e2c3 0xf000ff53 0xf000ff53 0xf000ff54 
    <unknow>: -- 0x00007c4e --
ebp:0xf000ff53 eip:0xf000ff53 args:0x00000000 0x00000000 0x00000000 0x00000000 
    <unknow>: -- 0xf000ff52 --
ebp:0x00000000 eip:0x00000000 args:0xf000e2c3 0xf000ff53 0xf000ff53 0xf000ff54 
    <unknow>: -- 0xffffffff --
ebp:0xf000ff53 eip:0xf000ff53 args:0x00000000 0x00000000 0x00000000 0x00000000 
    <unknow>: -- 0xf000ff52 --
ebp:0x00000000 eip:0x00000000 args:0xf000e2c3 0xf000ff53 0xf000ff53 0xf000ff54 
    <unknow>: -- 0xffffffff --
ebp:0xf000ff53 eip:0xf000ff53 args:0x00000000 0x00000000 0x00000000 0x00000000 
    <unknow>: -- 0xf000ff52 --
ebp:0x00000000 eip:0x00000000 args:0xf000e2c3 0xf000ff53 0xf000ff53 0xf000ff54 
    <unknow>: -- 0xffffffff --
ebp:0xf000ff53 eip:0xf000ff53 args:0x00000000 0x00000000 0x00000000 0x00000000 
    <unknow>: -- 0xf000ff52 --
ebp:0x00000000 eip:0x00000000 args:0xf000e2c3 0xf000ff53 0xf000ff53 0xf000ff54 
    <unknow>: -- 0xffffffff --
ebp:0xf000ff53 eip:0xf000ff53 args:0x00000000 0x00000000 0x00000000 0x00000000 
    <unknow>: -- 0xf000ff52 --
ebp:0x00000000 eip:0x00000000 args:0xf000e2c3 0xf000ff53 0xf000ff53 0xf000ff54 
    <unknow>: -- 0xffffffff --
ebp:0xf000ff53 eip:0xf000ff53 args:0x00000000 0x00000000 0x00000000 0x00000000 
    <unknow>: -- 0xf000ff52 --
++ setup timer interrupts
100 ticks
End of Test.
kernel panic at kern/trap/trap.c:18:
    EOT: kernel seems ok.
stack trackback:
ebp:0x00007ad0 eip:0x00100ab3 args:0x001036c8 0x00007b14 0x00000012 0x00007b4c 
    kern/debug/kdebug.c:305: print_stackframe+25
ebp:0x00007b00 eip:0x0010045c args:0x0010398e 0x00000012 0x00103978 0x00000014 
    kern/debug/panic.c:27: __panic+107
ebp:0x00007b20 eip:0x0010193d args:0x00007b58 0x0010027f 0x00100228 0x00007b4c 
    kern/trap/trap.c:0: print_ticks+69
ebp:0x00007b50 eip:0x00101de2 args:0x00007b7c 0x001002a6 0x00103912 0x00007b94 
    kern/trap/trap.c:159: trap_dispatch+110
ebp:0x00007b70 eip:0x00101eaa args:0x00007b7c 0x00000000 0x00010094 0x00007be8 
    kern/trap/trap.c:197: trap+20
ebp:0x00007be8 eip:0x00102935 args:0x00000000 0x00000000 0x00000000 0x00007c4f 
    kern/trap/trapentry.S:24: <unknown>+0
ebp:0x00007bf8 eip:0x00007d74 args:0xc031fcfa 0xc08ed88e 0x64e4d08e 0xfa7502a8 
    <unknow>: -- 0x00007d73 --
ebp:0x00000000 eip:0x00007c4f args:0xf000e2c3 0xf000ff53 0xf000ff53 0xf000ff54 
    <unknow>: -- 0x00007c4e --
ebp:0xf000ff53 eip:0xf000ff53 args:0x00000000 0x00000000 0x00000000 0x00000000 
    <unknow>: -- 0xf000ff52 --
ebp:0x00000000 eip:0x00000000 args:0xf000e2c3 0xf000ff53 0xf000ff53 0xf000ff54 
    <unknow>: -- 0xffffffff --
ebp:0xf000ff53 eip:0xf000ff53 args:0x00000000 0x00000000 0x00000000 0x00000000 
    <unknow>: -- 0xf000ff52 --
ebp:0x00000000 eip:0x00000000 args:0xf000e2c3 0xf000ff53 0xf000ff53 0xf000ff54 
    <unknow>: -- 0xffffffff --
ebp:0xf000ff53 eip:0xf000ff53 args:0x00000000 0x00000000 0x00000000 0x00000000 
    <unknow>: -- 0xf000ff52 --
ebp:0x00000000 eip:0x00000000 args:0xf000e2c3 0xf000ff53 0xf000ff53 0xf000ff54 
    <unknow>: -- 0xffffffff --
ebp:0xf000ff53 eip:0xf000ff53 args:0x00000000 0x00000000 0x00000000 0x00000000 
    <unknow>: -- 0xf000ff52 --
ebp:0x00000000 eip:0x00000000 args:0xf000e2c3 0xf000ff53 0xf000ff53 0xf000ff54 
    <unknow>: -- 0xffffffff --
ebp:0xf000ff53 eip:0xf000ff53 args:0x00000000 0x00000000 0x00000000 0x00000000 
    <unknow>: -- 0xf000ff52 --
ebp:0x00000000 eip:0x00000000 args:0xf000e2c3 0xf000ff53 0xf000ff53 0xf000ff54 
    <unknow>: -- 0xffffffff --
ebp:0xf000ff53 eip:0xf000ff53 args:0x00000000 0x00000000 0x00000000 0x00000000 
    <unknow>: -- 0xf000ff52 --
ebp:0x00000000 eip:0x00000000 args:0xf000e2c3 0xf000ff53 0xf000ff53 0xf000ff54 
    <unknow>: -- 0xffffffff --
Welcome to the kernel debug monitor!!
Type 'help' for a list of commands.
K> 